<?xml version="1.0" encoding="UTF-8"?>
<testng-results ignored="0" total="1" passed="1" failed="0" skipped="0">
  <reporter-output>
  </reporter-output>
  <suite started-at="2022-07-06T19:57:14 IST" name="Default suite" finished-at="2022-07-06T19:57:16 IST" duration-ms="2597">
    <groups>
    </groups>
    <test started-at="2022-07-06T19:57:14 IST" name="Default test" finished-at="2022-07-06T19:57:16 IST" duration-ms="2597">
      <class name="GoRestUser.GetUsers">
        <test-method signature="getuserList()[pri:0, instance:GoRestUser.GetUsers@4de4b452]" started-at="2022-07-06T19:57:14 IST" name="getuserList" finished-at="2022-07-06T19:57:16 IST" duration-ms="2557" status="PASS">
          <reporter-output>
          </reporter-output>
        </test-method> <!-- getuserList -->
      </class> <!-- GoRestUser.GetUsers -->
    </test> <!-- Default test -->
  </suite> <!-- Default suite -->
</testng-results>
